#
# There is insufficient memory for the Java Runtime Environment to continue.
# Native memory allocation (malloc) failed to allocate 32744 bytes for ChunkPool::allocate
# Possible reasons:
#   The system is out of physical RAM or swap space
#   The process is running with CompressedOops enabled, and the Java Heap may be blocking the growth of the native heap
# Possible solutions:
#   Reduce memory load on the system
#   Increase physical memory or swap space
#   Check if swap backing store is full
#   Decrease Java heap size (-Xmx/-Xms)
#   Decrease number of Java threads
#   Decrease Java thread stack sizes (-Xss)
#   Set larger code cache with -XX:ReservedCodeCacheSize=
#   JVM is running with Unscaled Compressed Oops mode in which the Java heap is
#     placed in the first 4GB address space. The Java Heap base address is the
#     maximum limit for the native heap growth. Please use -XX:HeapBaseMinAddress
#     to set the Java Heap base and to place the Java Heap above 4GB virtual address.
# This output file may be truncated or incomplete.
#
#  Out of Memory Error (allocation.cpp:272), pid=8176, tid=0x0000000000001ef0
#
# JRE version: OpenJDK Runtime Environment (8.0_202-b03) (build 1.8.0_202-release-1483-b03)
# Java VM: OpenJDK 64-Bit Server VM (25.202-b03 mixed mode windows-amd64 compressed oops)
# Failed to write core dump. Minidumps are not enabled by default on client versions of Windows
#

---------------  T H R E A D  ---------------

Current thread (0x000000001449b000):  JavaThread "C2 CompilerThread1" daemon [_thread_in_native, id=7920, stack(0x0000000015c00000,0x0000000015d00000)]

Stack: [0x0000000015c00000,0x0000000015d00000]
[error occurred during error reporting (printing stack bounds), id 0xc0000005]

Native frames: (J=compiled Java code, j=interpreted, Vv=VM code, C=native code)


Current CompileTask:
C2:1240809 20234   !   4       java.io.ObjectStreamClass::getReflector (336 bytes)


---------------  P R O C E S S  ---------------

Java Threads: ( => current thread )
  0x000000001acff000 JavaThread "stdout" [_thread_in_native, id=8780, stack(0x00000000301b0000,0x00000000302b0000)]
  0x000000001ad05000 JavaThread "stderr" [_thread_in_native, id=10400, stack(0x00000000300b0000,0x00000000301b0000)]
  0x000000001ad04800 JavaThread "stdout" [_thread_in_native, id=5984, stack(0x000000002ffb0000,0x00000000300b0000)]
  0x000000001acfd800 JavaThread "stderr" [_thread_in_native, id=3048, stack(0x000000002feb0000,0x000000002ffb0000)]
  0x000000001acfd000 JavaThread "stdout" [_thread_in_native, id=1844, stack(0x000000002fdb0000,0x000000002feb0000)]
  0x000000001acfe800 JavaThread "stderr" [_thread_in_native, id=10788, stack(0x000000002fcb0000,0x000000002fdb0000)]
  0x000000001acfc000 JavaThread "stdout" [_thread_in_native, id=12092, stack(0x000000002fbb0000,0x000000002fcb0000)]
  0x000000001979f000 JavaThread "stderr" [_thread_in_native, id=7896, stack(0x000000002fab0000,0x000000002fbb0000)]
  0x00000000197a0000 JavaThread "pool-11-thread-1" [_thread_blocked, id=6592, stack(0x000000002f9b0000,0x000000002fab0000)]
  0x0000000019797800 JavaThread "WorkerExecutor Queue Thread 4" [_thread_in_native, id=4032, stack(0x000000002f8b0000,0x000000002f9b0000)]
  0x000000001979e800 JavaThread "WorkerExecutor Queue Thread 3" [_thread_in_native, id=7992, stack(0x000000002f7b0000,0x000000002f8b0000)]
  0x0000000019796800 JavaThread "WorkerExecutor Queue Thread 2" [_thread_in_native, id=9728, stack(0x000000002f6b0000,0x000000002f7b0000)]
  0x000000001979d000 JavaThread "WorkerExecutor Queue" [_thread_blocked, id=7576, stack(0x000000002f5b0000,0x000000002f6b0000)]
  0x0000000019799000 JavaThread "Cache worker for execution history cache (D:\thibangxemay\.gradle\5.4.1\executionHistory)" [_thread_blocked, id=10360, stack(0x000000002f4b0000,0x000000002f5b0000)]
  0x0000000019793800 JavaThread "Execution worker for ':' Thread 3" [_thread_blocked, id=1004, stack(0x000000002f3b0000,0x000000002f4b0000)]
  0x0000000019790800 JavaThread "Execution worker for ':' Thread 2" [_thread_blocked, id=7892, stack(0x000000002f2b0000,0x000000002f3b0000)]
  0x0000000019795000 JavaThread "Execution worker for ':'" [_thread_blocked, id=10196, stack(0x000000002f1b0000,0x000000002f2b0000)]
  0x0000000019793000 JavaThread "Cache worker for file content cache (D:\thibangxemay\.gradle\5.4.1\fileContent)" [_thread_blocked, id=12176, stack(0x000000002f0b0000,0x000000002f1b0000)]
  0x0000000017163000 JavaThread "Cache worker for Build Output Cleanup Cache (D:\thibangxemay\.gradle\buildOutputCleanup)" [_thread_blocked, id=8428, stack(0x000000002efb0000,0x000000002f0b0000)]
  0x000000001715e000 JavaThread "Build operations Thread 4" [_thread_blocked, id=2276, stack(0x000000002eeb0000,0x000000002efb0000)]
  0x0000000017161800 JavaThread "Build operations Thread 3" [_thread_blocked, id=11976, stack(0x000000002edb0000,0x000000002eeb0000)]
  0x0000000017164000 JavaThread "Build operations Thread 2" [_thread_blocked, id=11580, stack(0x000000002ecb0000,0x000000002edb0000)]
  0x0000000017161000 JavaThread "Build operations" [_thread_blocked, id=2512, stack(0x000000002ebb0000,0x000000002ecb0000)]
  0x0000000017160000 JavaThread "Cache worker for cache directory md-rule (C:\Users\Admin\.gradle\caches\5.4.1\md-rule)" [_thread_blocked, id=10276, stack(0x000000002eab0000,0x000000002ebb0000)]
  0x0000000017162800 JavaThread "Cache worker for cache directory md-supplier (C:\Users\Admin\.gradle\caches\5.4.1\md-supplier)" [_thread_blocked, id=8292, stack(0x000000002e9b0000,0x000000002eab0000)]
  0x000000001715f800 JavaThread "Cache worker for file hash cache (D:\thibangxemay\.gradle\5.4.1\fileHashes)" [_thread_blocked, id=2768, stack(0x000000002e8b0000,0x000000002e9b0000)]
  0x0000000017159800 JavaThread "Thread-116" [_thread_blocked, id=7848, stack(0x000000002e7b0000,0x000000002e8b0000)]
  0x000000001715c800 JavaThread "Stdin handler" [_thread_blocked, id=9532, stack(0x000000002e6b0000,0x000000002e7b0000)]
  0x0000000017156800 JavaThread "Asynchronous log dispatcher for DefaultDaemonConnection: socket connection from /127.0.0.1:9372 to /127.0.0.1:9708" [_thread_blocked, id=8592, stack(0x000000002e5b0000,0x000000002e6b0000)]
  0x000000001715b800 JavaThread "Cancel handler" [_thread_blocked, id=1280, stack(0x000000002e4b0000,0x000000002e5b0000)]
  0x000000001715a000 JavaThread "Handler for socket connection from /127.0.0.1:9372 to /127.0.0.1:9708" [_thread_in_native, id=3044, stack(0x000000002e3b0000,0x000000002e4b0000)]
  0x000000001ad03800 JavaThread "Daemon worker Thread 3" [_thread_in_Java, id=11652, stack(0x000000002d1b0000,0x000000002d2b0000)]
  0x000000001ad01800 JavaThread "Daemon Thread 3" [_thread_blocked, id=11928, stack(0x000000002ceb0000,0x000000002cfb0000)]
  0x0000000019791800 JavaThread "Cache worker for Java compile cache (C:\Users\Admin\.gradle\caches\5.4.1\javaCompile)" [_thread_blocked, id=3500, stack(0x00000000250f0000,0x00000000251f0000)]
  0x0000000017158000 JavaThread "MarlinRenderer Disposer" daemon [_thread_blocked, id=8716, stack(0x0000000023ef0000,0x0000000023ff0000)]
  0x0000000017157000 JavaThread "Java2D Disposer" daemon [_thread_blocked, id=864, stack(0x0000000023df0000,0x0000000023ef0000)]
  0x0000000017965000 JavaThread "Cache worker for file content cache (C:\Users\Admin\.gradle\caches\5.4.1\fileContent)" [_thread_blocked, id=10504, stack(0x00000000233f0000,0x00000000234f0000)]
  0x000000001ad02000 JavaThread "Memory manager" [_thread_blocked, id=2688, stack(0x0000000020db0000,0x0000000020eb0000)]
  0x0000000017967800 JavaThread "Cache worker for execution history cache (C:\Users\Admin\.gradle\caches\5.4.1\executionHistory)" [_thread_blocked, id=7856, stack(0x000000001e390000,0x000000001e490000)]
  0x0000000017963000 JavaThread "Cache worker for journal cache (C:\Users\Admin\.gradle\caches\journal-1)" [_thread_blocked, id=11596, stack(0x0000000019250000,0x0000000019350000)]
  0x0000000017966800 JavaThread "File lock request listener" [_thread_in_native, id=8628, stack(0x0000000018f50000,0x0000000019050000)]
  0x0000000017931800 JavaThread "Cache worker for file hash cache (C:\Users\Admin\.gradle\caches\5.4.1\fileHashes)" [_thread_blocked, id=3412, stack(0x0000000018e50000,0x0000000018f50000)]
  0x0000000017739800 JavaThread "Daemon periodic checks" [_thread_blocked, id=11500, stack(0x0000000018450000,0x0000000018550000)]
  0x0000000017737000 JavaThread "Incoming local TCP Connector on port 9372" [_thread_in_native, id=2700, stack(0x0000000018210000,0x0000000018310000)]
  0x0000000017606800 JavaThread "Daemon health stats" [_thread_blocked, id=308, stack(0x0000000017bd0000,0x0000000017cd0000)]
  0x0000000015e64800 JavaThread "Service Thread" daemon [_thread_blocked, id=6752, stack(0x0000000016200000,0x0000000016300000)]
  0x00000000144e7000 JavaThread "C1 CompilerThread2" daemon [_thread_blocked, id=7808, stack(0x0000000015d00000,0x0000000015e00000)]
=>0x000000001449b000 JavaThread "C2 CompilerThread1" daemon [_thread_in_native, id=7920, stack(0x0000000015c00000,0x0000000015d00000)]
  0x0000000014496000 JavaThread "C2 CompilerThread0" daemon [_thread_in_native, id=11584, stack(0x0000000015b00000,0x0000000015c00000)]
  0x0000000014495000 JavaThread "Attach Listener" daemon [_thread_blocked, id=6732, stack(0x0000000015a00000,0x0000000015b00000)]
  0x00000000144e3800 JavaThread "Signal Dispatcher" daemon [_thread_blocked, id=12272, stack(0x0000000015900000,0x0000000015a00000)]
  0x000000000311b800 JavaThread "Finalizer" daemon [_thread_blocked, id=11044, stack(0x0000000015700000,0x0000000015800000)]
  0x0000000014479000 JavaThread "Reference Handler" daemon [_thread_blocked, id=7636, stack(0x0000000015600000,0x0000000015700000)]
  0x0000000003022800 JavaThread "main" [_thread_blocked, id=7600, stack(0x0000000002e50000,0x0000000002f50000)]

Other Threads:
  0x0000000014457000 VMThread [stack: 0x0000000015500000,0x0000000015600000] [id=9828]
  0x0000000015e65800 WatcherThread [stack: 0x0000000016300000,0x0000000016400000] [id=9764]

VM state:not at safepoint (normal execution)

VM Mutex/Monitor currently owned by a thread: None

heap address: 0x00000000e0000000, size: 512 MB, Compressed Oops mode: 32-bit
Narrow klass base: 0x0000000000000000, Narrow klass shift: 3
Compressed class space size: 1073741824 Address: 0x0000000100000000

Heap:
 PSYoungGen      total 121344K, used 54847K [0x00000000f5580000, 0x00000000ffd00000, 0x0000000100000000)
  eden space 104448K, 36% used [0x00000000f5580000,0x00000000f7aabbf8,0x00000000fbb80000)
  from space 16896K, 99% used [0x00000000fbb80000,0x00000000fcbe4170,0x00000000fcc00000)
  to   space 33280K, 0% used [0x00000000fdc80000,0x00000000fdc80000,0x00000000ffd00000)
 ParOldGen       total 337920K, used 31972K [0x00000000e0000000, 0x00000000f4a00000, 0x00000000f5580000)
  object space 337920K, 9% used [0x00000000e0000000,0x00000000e1f392a8,0x00000000f4a00000)
 Metaspace       used 93676K, capacity 98040K, committed 98752K, reserved 1134592K
  class space    used 11964K, capacity 12830K, committed 13056K, reserved 1048576K

Card table byte_map: [0x00000000124e0000,0x00000000125f0000] byte_map_base: 0x0000000011de0000

Marking Bits: (ParMarkBitMap*) 0x00000000759a9f30
 Begin Bits: [0x00000000129f0000, 0x00000000131f0000)
 End Bits:   [0x00000000131f0000, 0x00000000139f0000)

Polling page: 0x0000000001150000

CodeCache: size=245760Kb used=56393Kb max_used=56395Kb free=189366Kb
 bounds [0x0000000003120000, 0x0000000006890000, 0x0000000012120000]
 total_blobs=17377 nmethods=16402 adapters=886
 compilation: enabled

Compilation events (10 events):
Event: 1240.696 Thread 0x00000000144e7000 nmethod 20236 0x0000000004300590 code [0x0000000004300740, 0x0000000004300d58]
Event: 1240.697 Thread 0x00000000144e7000 20237       3       java.nio.file.Files::copy (31 bytes)
Event: 1240.697 Thread 0x00000000144e7000 nmethod 20237 0x00000000045bfb50 code [0x00000000045bfd20, 0x00000000045c0378]
Event: 1240.699 Thread 0x00000000144e7000 20238       3       sun.nio.fs.WindowsFileSystemProvider::copy (13 bytes)
Event: 1240.699 Thread 0x00000000144e7000 nmethod 20238 0x0000000004f85b10 code [0x0000000004f85d00, 0x0000000004f86648]
Event: 1240.700 Thread 0x00000000144e7000 20239   !   3       sun.nio.fs.WindowsNativeDispatcher::CopyFileEx (56 bytes)
Event: 1240.705 Thread 0x00000000144e7000 nmethod 20239 0x0000000004345d10 code [0x0000000004345f00, 0x00000000043464a8]
Event: 1240.777 Thread 0x00000000144e7000 20241       3       com.android.ide.common.resources.MergedAssetWriter$AssetWorkAction::<init> (21 bytes)
Event: 1240.777 Thread 0x00000000144e7000 nmethod 20241 0x00000000035c2fd0 code [0x00000000035c3140, 0x00000000035c3330]
Event: 1240.782 Thread 0x0000000014496000 20242       4       javax.management.ObjectName::construct (1228 bytes)

GC Heap History (10 events):
Event: 1226.067 GC heap before
{Heap before GC invocations=33 (full 4):
 PSYoungGen      total 135168K, used 99328K [0x00000000f5580000, 0x00000000ffe80000, 0x0000000100000000)
  eden space 99328K, 100% used [0x00000000f5580000,0x00000000fb680000,0x00000000fb680000)
  from space 35840K, 0% used [0x00000000fdb80000,0x00000000fdb80000,0x00000000ffe80000)
  to   space 36864K, 0% used [0x00000000fb680000,0x00000000fb680000,0x00000000fda80000)
 ParOldGen       total 337920K, used 31940K [0x00000000e0000000, 0x00000000f4a00000, 0x00000000f5580000)
  object space 337920K, 9% used [0x00000000e0000000,0x00000000e1f312a8,0x00000000f4a00000)
 Metaspace       used 92259K, capacity 95962K, committed 98496K, reserved 1134592K
  class space    used 11819K, capacity 12561K, committed 13056K, reserved 1048576K
Event: 1226.105 GC heap after
Heap after GC invocations=33 (full 4):
 PSYoungGen      total 136192K, used 7840K [0x00000000f5580000, 0x00000000ffe00000, 0x0000000100000000)
  eden space 99328K, 0% used [0x00000000f5580000,0x00000000f5580000,0x00000000fb680000)
  from space 36864K, 21% used [0x00000000fb680000,0x00000000fbe28000,0x00000000fda80000)
  to   space 35328K, 0% used [0x00000000fdb80000,0x00000000fdb80000,0x00000000ffe00000)
 ParOldGen       total 337920K, used 31948K [0x00000000e0000000, 0x00000000f4a00000, 0x00000000f5580000)
  object space 337920K, 9% used [0x00000000e0000000,0x00000000e1f332a8,0x00000000f4a00000)
 Metaspace       used 92259K, capacity 95962K, committed 98496K, reserved 1134592K
  class space    used 11819K, capacity 12561K, committed 13056K, reserved 1048576K
}
Event: 1234.451 GC heap before
{Heap before GC invocations=34 (full 4):
 PSYoungGen      total 136192K, used 107168K [0x00000000f5580000, 0x00000000ffe00000, 0x0000000100000000)
  eden space 99328K, 100% used [0x00000000f5580000,0x00000000fb680000,0x00000000fb680000)
  from space 36864K, 21% used [0x00000000fb680000,0x00000000fbe28000,0x00000000fda80000)
  to   space 35328K, 0% used [0x00000000fdb80000,0x00000000fdb80000,0x00000000ffe00000)
 ParOldGen       total 337920K, used 31948K [0x00000000e0000000, 0x00000000f4a00000, 0x00000000f5580000)
  object space 337920K, 9% used [0x00000000e0000000,0x00000000e1f332a8,0x00000000f4a00000)
 Metaspace       used 93262K, capacity 97502K, committed 98496K, reserved 1134592K
  class space    used 11937K, capacity 12783K, committed 13056K, reserved 1048576K
Event: 1234.519 GC heap after
Heap after GC invocations=34 (full 4):
 PSYoungGen      total 134144K, used 13590K [0x00000000f5580000, 0x00000000ffa80000, 0x0000000100000000)
  eden space 102400K, 0% used [0x00000000f5580000,0x00000000f5580000,0x00000000fb980000)
  from space 31744K, 42% used [0x00000000fdb80000,0x00000000fe8c59e0,0x00000000ffa80000)
  to   space 33280K, 0% used [0x00000000fb980000,0x00000000fb980000,0x00000000fda00000)
 ParOldGen       total 337920K, used 31956K [0x00000000e0000000, 0x00000000f4a00000, 0x00000000f5580000)
  object space 337920K, 9% used [0x00000000e0000000,0x00000000e1f352a8,0x00000000f4a00000)
 Metaspace       used 93262K, capacity 97502K, committed 98496K, reserved 1134592K
  class space    used 11937K, capacity 12783K, committed 13056K, reserved 1048576K
}
Event: 1236.230 GC heap before
{Heap before GC invocations=35 (full 4):
 PSYoungGen      total 134144K, used 115990K [0x00000000f5580000, 0x00000000ffa80000, 0x0000000100000000)
  eden space 102400K, 100% used [0x00000000f5580000,0x00000000fb980000,0x00000000fb980000)
  from space 31744K, 42% used [0x00000000fdb80000,0x00000000fe8c59e0,0x00000000ffa80000)
  to   space 33280K, 0% used [0x00000000fb980000,0x00000000fb980000,0x00000000fda00000)
 ParOldGen       total 337920K, used 31956K [0x00000000e0000000, 0x00000000f4a00000, 0x00000000f5580000)
  object space 337920K, 9% used [0x00000000e0000000,0x00000000e1f352a8,0x00000000f4a00000)
 Metaspace       used 93506K, capacity 97774K, committed 98752K, reserved 1134592K
  class space    used 11951K, capacity 12807K, committed 13056K, reserved 1048576K
Event: 1236.283 GC heap after
Heap after GC invocations=35 (full 4):
 PSYoungGen      total 135680K, used 24609K [0x00000000f5580000, 0x0000000100000000, 0x0000000100000000)
  eden space 102400K, 0% used [0x00000000f5580000,0x00000000f5580000,0x00000000fb980000)
  from space 33280K, 73% used [0x00000000fb980000,0x00000000fd1884f8,0x00000000fda00000)
  to   space 35840K, 0% used [0x00000000fdd00000,0x00000000fdd00000,0x0000000100000000)
 ParOldGen       total 337920K, used 31964K [0x00000000e0000000, 0x00000000f4a00000, 0x00000000f5580000)
  object space 337920K, 9% used [0x00000000e0000000,0x00000000e1f372a8,0x00000000f4a00000)
 Metaspace       used 93506K, capacity 97774K, committed 98752K, reserved 1134592K
  class space    used 11951K, capacity 12807K, committed 13056K, reserved 1048576K
}
Event: 1240.493 GC heap before
{Heap before GC invocations=36 (full 4):
 PSYoungGen      total 135680K, used 127009K [0x00000000f5580000, 0x0000000100000000, 0x0000000100000000)
  eden space 102400K, 100% used [0x00000000f5580000,0x00000000fb980000,0x00000000fb980000)
  from space 33280K, 73% used [0x00000000fb980000,0x00000000fd1884f8,0x00000000fda00000)
  to   space 35840K, 0% used [0x00000000fdd00000,0x00000000fdd00000,0x0000000100000000)
 ParOldGen       total 337920K, used 31964K [0x00000000e0000000, 0x00000000f4a00000, 0x00000000f5580000)
  object space 337920K, 9% used [0x00000000e0000000,0x00000000e1f372a8,0x00000000f4a00000)
 Metaspace       used 93663K, capacity 98028K, committed 98752K, reserved 1134592K
  class space    used 11962K, capacity 12828K, committed 13056K, reserved 1048576K
Event: 1240.532 GC heap after
Heap after GC invocations=36 (full 4):
 PSYoungGen      total 139776K, used 16928K [0x00000000f5580000, 0x00000000fff80000, 0x0000000100000000)
  eden space 104448K, 0% used [0x00000000f5580000,0x00000000f5580000,0x00000000fbb80000)
  from space 35328K, 47% used [0x00000000fdd00000,0x00000000fed88180,0x00000000fff80000)
  to   space 34304K, 0% used [0x00000000fbb80000,0x00000000fbb80000,0x00000000fdd00000)
 ParOldGen       total 337920K, used 31972K [0x00000000e0000000, 0x00000000f4a00000, 0x00000000f5580000)
  object space 337920K, 9% used [0x00000000e0000000,0x00000000e1f392a8,0x00000000f4a00000)
 Metaspace       used 93663K, capacity 98028K, committed 98752K, reserved 1134592K
  class space    used 11962K, capacity 12828K, committed 13056K, reserved 1048576K
}
Event: 1240.730 GC heap before
{Heap before GC invocations=37 (full 4):
 PSYoungGen      total 139776K, used 121376K [0x00000000f5580000, 0x00000000fff80000, 0x0000000100000000)
  eden space 104448K, 100% used [0x00000000f5580000,0x00000000fbb80000,0x00000000fbb80000)
  from space 35328K, 47% used [0x00000000fdd00000,0x00000000fed88180,0x00000000fff80000)
  to   space 34304K, 0% used [0x00000000fbb80000,0x00000000fbb80000,0x00000000fdd00000)
 ParOldGen       total 337920K, used 31972K [0x00000000e0000000, 0x00000000f4a00000, 0x00000000f5580000)
  object space 337920K, 9% used [0x00000000e0000000,0x00000000e1f392a8,0x00000000f4a00000)
 Metaspace       used 93676K, capacity 98040K, committed 98752K, reserved 1134592K
  class space    used 11964K, capacity 12830K, committed 13056K, reserved 1048576K
Event: 1240.746 GC heap after
Heap after GC invocations=37 (full 4):
 PSYoungGen      total 121344K, used 16784K [0x00000000f5580000, 0x00000000ffd00000, 0x0000000100000000)
  eden space 104448K, 0% used [0x00000000f5580000,0x00000000f5580000,0x00000000fbb80000)
  from space 16896K, 99% used [0x00000000fbb80000,0x00000000fcbe4170,0x00000000fcc00000)
  to   space 33280K, 0% used [0x00000000fdc80000,0x00000000fdc80000,0x00000000ffd00000)
 ParOldGen       total 337920K, used 31972K [0x00000000e0000000, 0x00000000f4a00000, 0x00000000f5580000)
  object space 337920K, 9% used [0x00000000e0000000,0x00000000e1f392a8,0x00000000f4a00000)
 Metaspace       used 93676K, capacity 98040K, committed 98752K, reserved 1134592K
  class space    used 11964K, capacity 12830K, committed 13056K, reserved 1048576K
}

Deoptimization events (10 events):
Event: 1234.009 Thread 0x000000001ad03800 Uncommon trap: reason=class_check action=maybe_recompile pc=0x00000000043421e0 method=com.google.common.base.Suppliers$NonSerializableMemoizingSupplier.<init>(Lcom/google/common/base/Supplier;)V @ 9
Event: 1234.015 Thread 0x000000001ad03800 Uncommon trap: reason=null_check action=make_not_entrant pc=0x0000000005a71364 method=java.lang.ThreadLocal$ThreadLocalMap.getEntryAfterMiss(Ljava/lang/ThreadLocal;ILjava/lang/ThreadLocal$ThreadLocalMap$Entry;)Ljava/lang/ThreadLocal$ThreadLocalMap$Entry; 
Event: 1234.034 Thread 0x000000001ad03800 Uncommon trap: reason=null_check action=make_not_entrant pc=0x0000000006543ee0 method=org.gradle.api.internal.collections.CollectionFilter.filter(Ljava/lang/Object;)Ljava/lang/Object; @ 5
Event: 1234.040 Thread 0x000000001ad03800 Uncommon trap: reason=class_check action=maybe_recompile pc=0x00000000043421e0 method=com.google.common.base.Suppliers$NonSerializableMemoizingSupplier.<init>(Lcom/google/common/base/Supplier;)V @ 9
Event: 1234.040 Thread 0x000000001ad03800 Uncommon trap: reason=class_check action=maybe_recompile pc=0x00000000043421e0 method=com.google.common.base.Suppliers$NonSerializableMemoizingSupplier.<init>(Lcom/google/common/base/Supplier;)V @ 9
Event: 1235.404 Thread 0x0000000019793800 Uncommon trap: reason=null_check action=make_not_entrant pc=0x0000000004b4ef18 method=com.sun.org.apache.xerces.internal.dom.NamedNodeMapImpl.findNamePoint(Ljava/lang/String;Ljava/lang/String;)I @ 76
Event: 1235.898 Thread 0x0000000019793800 Uncommon trap: reason=null_check action=make_not_entrant pc=0x000000000429c824 method=com.sun.org.apache.xerces.internal.dom.NamedNodeMapImpl.findNamePoint(Ljava/lang/String;Ljava/lang/String;)I @ 105
Event: 1235.975 Thread 0x0000000019793800 Uncommon trap: reason=array_check action=maybe_recompile pc=0x0000000003741404 method=java.util.TimSort.mergeLo(IIII)V @ 245
Event: 1235.986 Thread 0x0000000019793800 Uncommon trap: reason=array_check action=maybe_recompile pc=0x0000000005f4aaf8 method=java.util.TimSort.mergeHi(IIII)V @ 101
Event: 1236.306 Thread 0x0000000019797800 Uncommon trap: reason=unstable_if action=reinterpret pc=0x0000000004d3bdd8 method=sun.java2d.marlin.MarlinTileGenerator.getAlphaRLE([BII)V @ 336

Classes redefined (0 events):
No events

Internal exceptions (10 events):
Event: 1240.790 Thread 0x0000000019796800 Exception <a 'sun/nio/fs/WindowsException'> (0x00000000f6d1f318) thrown at [D:\src\AOSP-openjdk-cygwin\jdk8u\hotspot\src\share\vm\prims\jni.cpp, line 710]
Event: 1240.791 Thread 0x0000000019796800 Exception <a 'sun/nio/fs/WindowsException'> (0x00000000f6d1fe08) thrown at [D:\src\AOSP-openjdk-cygwin\jdk8u\hotspot\src\share\vm\prims\jni.cpp, line 710]
Event: 1240.793 Thread 0x000000001979e800 Exception <a 'sun/nio/fs/WindowsException'> (0x00000000f6f34c10) thrown at [D:\src\AOSP-openjdk-cygwin\jdk8u\hotspot\src\share\vm\prims\jni.cpp, line 710]
Event: 1240.793 Thread 0x000000001979e800 Exception <a 'sun/nio/fs/WindowsException'> (0x00000000f6f35700) thrown at [D:\src\AOSP-openjdk-cygwin\jdk8u\hotspot\src\share\vm\prims\jni.cpp, line 710]
Event: 1240.796 Thread 0x0000000019797800 Exception <a 'sun/nio/fs/WindowsException'> (0x00000000f71537a0) thrown at [D:\src\AOSP-openjdk-cygwin\jdk8u\hotspot\src\share\vm\prims\jni.cpp, line 710]
Event: 1240.796 Thread 0x0000000019797800 Exception <a 'sun/nio/fs/WindowsException'> (0x00000000f71542f0) thrown at [D:\src\AOSP-openjdk-cygwin\jdk8u\hotspot\src\share\vm\prims\jni.cpp, line 710]
Event: 1240.799 Thread 0x0000000019796800 Exception <a 'sun/nio/fs/WindowsException'> (0x00000000f7364d68) thrown at [D:\src\AOSP-openjdk-cygwin\jdk8u\hotspot\src\share\vm\prims\jni.cpp, line 710]
Event: 1240.799 Thread 0x0000000019796800 Exception <a 'sun/nio/fs/WindowsException'> (0x00000000f73658b8) thrown at [D:\src\AOSP-openjdk-cygwin\jdk8u\hotspot\src\share\vm\prims\jni.cpp, line 710]
Event: 1240.803 Thread 0x000000001979d000 Exception <a 'sun/nio/fs/WindowsException'> (0x00000000f757c528) thrown at [D:\src\AOSP-openjdk-cygwin\jdk8u\hotspot\src\share\vm\prims\jni.cpp, line 710]
Event: 1240.803 Thread 0x000000001979d000 Exception <a 'sun/nio/fs/WindowsException'> (0x00000000f757d078) thrown at [D:\src\AOSP-openjdk-cygwin\jdk8u\hotspot\src\share\vm\prims\jni.cpp, line 710]

Events (10 events):
Event: 1240.575 Thread 0x0000000014496000 flushing nmethod 0x00000000045bfa10
Event: 1240.576 Thread 0x0000000014496000 flushing nmethod 0x0000000004607350
Event: 1240.576 Thread 0x0000000014496000 flushing nmethod 0x0000000004608a10
Event: 1240.581 loading class org/gradle/internal/typeconversion/NotationConverterToNotationParserAdapter$1
Event: 1240.581 loading class org/gradle/internal/typeconversion/NotationConverterToNotationParserAdapter$1 done
Event: 1240.606 Thread 0x00000000144e7000 flushing nmethod 0x0000000004dcd7d0
Event: 1240.607 Thread 0x0000000014496000 flushing nmethod 0x0000000004f85850
Event: 1240.730 Executing VM operation: ParallelGCFailedAllocation
Event: 1240.746 Executing VM operation: ParallelGCFailedAllocation done
Event: 1240.778 Thread 0x00000000144e7000 flushing nmethod 0x0000000003393e10


Dynamic libraries:
0x00007ff757e60000 - 0x00007ff757e91000 	C:\Program Files\Android\Android Studio\jre\bin\java.exe
0x00007ff8092b0000 - 0x00007ff80949d000 	C:\Windows\SYSTEM32\ntdll.dll
0x00007ff8091c0000 - 0x00007ff809273000 	C:\Windows\System32\KERNEL32.DLL
0x00007ff805370000 - 0x00007ff805603000 	C:\Windows\System32\KERNELBASE.dll
0x00007ff807220000 - 0x00007ff8072c3000 	C:\Windows\System32\ADVAPI32.dll
0x00007ff807590000 - 0x00007ff80762e000 	C:\Windows\System32\msvcrt.dll
0x00007ff8069b0000 - 0x00007ff806a4e000 	C:\Windows\System32\sechost.dll
0x00007ff8070f0000 - 0x00007ff807212000 	C:\Windows\System32\RPCRT4.dll
0x00007ff806df0000 - 0x00007ff806f87000 	C:\Windows\System32\USER32.dll
0x00007ff805a30000 - 0x00007ff805a50000 	C:\Windows\System32\win32u.dll
0x00007ff806b00000 - 0x00007ff806b29000 	C:\Windows\System32\GDI32.dll
0x00007ff805670000 - 0x00007ff805809000 	C:\Windows\System32\gdi32full.dll
0x00007ff805990000 - 0x00007ff805a30000 	C:\Windows\System32\msvcp_win.dll
0x00007ff805a50000 - 0x00007ff805b4a000 	C:\Windows\System32\ucrtbase.dll
0x00007ffff9d30000 - 0x00007ffff9fa9000 	C:\Windows\WinSxS\amd64_microsoft.windows.common-controls_6595b64144ccf1df_6.0.17763.914_none_05b346b2072102f2\COMCTL32.dll
0x00007ff8077e0000 - 0x00007ff807b0c000 	C:\Windows\System32\combase.dll
0x00007ff805910000 - 0x00007ff80598e000 	C:\Windows\System32\bcryptPrimitives.dll
0x00007ff807630000 - 0x00007ff80765e000 	C:\Windows\System32\IMM32.DLL
0x0000000075100000 - 0x00000000751d2000 	C:\Program Files\Android\Android Studio\jre\jre\bin\msvcr100.dll
0x00000000751e0000 - 0x0000000075a26000 	C:\Program Files\Android\Android Studio\jre\jre\bin\server\jvm.dll
0x00007ff8073f0000 - 0x00007ff8073f8000 	C:\Windows\System32\PSAPI.DLL
0x00007ff802030000 - 0x00007ff802054000 	C:\Windows\SYSTEM32\WINMM.dll
0x00007ffffe6c0000 - 0x00007ffffe6c9000 	C:\Windows\SYSTEM32\WSOCK32.dll
0x00007fffff470000 - 0x00007fffff47a000 	C:\Windows\SYSTEM32\VERSION.dll
0x00007ff8072d0000 - 0x00007ff80733d000 	C:\Windows\System32\WS2_32.dll
0x00007ff802000000 - 0x00007ff80202d000 	C:\Windows\SYSTEM32\WINMMBASE.dll
0x00007ff805d30000 - 0x00007ff805d7a000 	C:\Windows\System32\cfgmgr32.dll
0x00007ffffe6b0000 - 0x00007ffffe6bf000 	C:\Program Files\Android\Android Studio\jre\jre\bin\verify.dll
0x00007ffffab30000 - 0x00007ffffab59000 	C:\Program Files\Android\Android Studio\jre\jre\bin\java.dll
0x00007ffffacc0000 - 0x00007ffffacd6000 	C:\Program Files\Android\Android Studio\jre\jre\bin\zip.dll
0x00007ff807cc0000 - 0x00007ff8091b4000 	C:\Windows\System32\SHELL32.dll
0x00007ff806a50000 - 0x00007ff806af8000 	C:\Windows\System32\shcore.dll
0x00007ff805d80000 - 0x00007ff8064cd000 	C:\Windows\System32\windows.storage.dll
0x00007ff805340000 - 0x00007ff805364000 	C:\Windows\System32\profapi.dll
0x00007ff8052e0000 - 0x00007ff80533d000 	C:\Windows\System32\powrprof.dll
0x00007ff807400000 - 0x00007ff807452000 	C:\Windows\System32\shlwapi.dll
0x00007ff8052a0000 - 0x00007ff8052b1000 	C:\Windows\System32\kernel.appcore.dll
0x00007ff8058f0000 - 0x00007ff805907000 	C:\Windows\System32\cryptsp.dll
0x00007ffffac30000 - 0x00007ffffac4a000 	C:\Program Files\Android\Android Studio\jre\jre\bin\net.dll
0x00007ff804b10000 - 0x00007ff804b77000 	C:\Windows\system32\mswsock.dll
0x00007ffff9520000 - 0x00007ffff9531000 	C:\Program Files\Android\Android Studio\jre\jre\bin\nio.dll
0x00007fffe4550000 - 0x00007fffe4576000 	C:\Users\Admin\.gradle\native\29\windows-amd64\native-platform.dll
0x00007ffffdaa0000 - 0x00007ffffdaad000 	C:\Program Files\Android\Android Studio\jre\jre\bin\management.dll
0x00007ff804690000 - 0x00007ff8046c3000 	C:\Windows\system32\rsaenh.dll
0x00007ff8058c0000 - 0x00007ff8058e6000 	C:\Windows\System32\bcrypt.dll
0x00007ff8051d0000 - 0x00007ff8051f8000 	C:\Windows\SYSTEM32\USERENV.dll
0x00007ff804ce0000 - 0x00007ff804cec000 	C:\Windows\SYSTEM32\CRYPTBASE.dll
0x00007ff804830000 - 0x00007ff80486d000 	C:\Windows\SYSTEM32\IPHLPAPI.DLL
0x00007ff8077d0000 - 0x00007ff8077d8000 	C:\Windows\System32\NSI.dll
0x00007fffff150000 - 0x00007fffff166000 	C:\Windows\SYSTEM32\dhcpcsvc6.DLL
0x00007fffff630000 - 0x00007fffff64c000 	C:\Windows\SYSTEM32\dhcpcsvc.DLL
0x00007ff804870000 - 0x00007ff804936000 	C:\Windows\SYSTEM32\DNSAPI.dll
0x00007fffe4030000 - 0x00007fffe41cc000 	C:\Program Files\Android\Android Studio\jre\jre\bin\awt.dll
0x00007ff807460000 - 0x00007ff807524000 	C:\Windows\System32\OLEAUT32.dll
0x00007ff803b50000 - 0x00007ff803b7e000 	C:\Windows\SYSTEM32\dwmapi.dll
0x00007ff805b50000 - 0x00007ff805d2b000 	C:\Windows\System32\CRYPT32.dll
0x00007ff8052c0000 - 0x00007ff8052d2000 	C:\Windows\System32\MSASN1.dll
0x00007ff802810000 - 0x00007ff802dce000 	C:\Windows\SYSTEM32\d2d1.dll
0x00007ff803510000 - 0x00007ff80359c000 	C:\Windows\SYSTEM32\apphelp.dll
0x00007ff803600000 - 0x00007ff80369c000 	C:\Windows\system32\uxtheme.dll
0x00007ff804310000 - 0x00007ff804341000 	C:\Windows\SYSTEM32\ntmarta.dll

VM Arguments:
jvm_args: -XX:MaxMetaspaceSize=256m -XX:+HeapDumpOnOutOfMemoryError -Xms256m -Xmx512m -Dfile.encoding=windows-1258 -Duser.country=US -Duser.language=en -Duser.variant 
java_command: org.gradle.launcher.daemon.bootstrap.GradleDaemon 5.4.1
java_class_path (initial): C:\Users\Admin\.gradle\wrapper\dists\gradle-5.4.1-all\3221gyojl5jsh0helicew7rwx\gradle-5.4.1\lib\gradle-launcher-5.4.1.jar
Launcher Type: SUN_STANDARD

Environment Variables:
JAVA_HOME=C:\Program Files\Java\jdk1.8.0_231
CLASSPATH=.;
PATH=C:\Python27\;C:\Python27\Scripts;C:\Program Files\Microsoft MPI\Bin\;C:\Windows\system32;C:\Windows;C:\Windows\System32\Wbem;C:\Windows\System32\WindowsPowerShell\v1.0\;C:\Windows\System32\OpenSSH\;C:\Program Files\Microsoft SQL Server\130\Tools\Binn\;C:\Program Files (x86)\Microsoft SQL Server\140\Tools\Binn\;C:\Program Files\Microsoft SQL Server\140\Tools\Binn\;C:\Program Files (x86)\Microsoft SQL Server\140\DTS\Binn\;C:\Program Files\Microsoft SQL Server\140\DTS\Binn\;C:\Program Files\Microsoft SQL Server\Client SDK\ODBC\130\Tools\Binn\;C:\Program Files (x86)\Microsoft SQL Server\Client SDK\ODBC\130\Tools\Binn\;C:\Program Files (x86)\Microsoft SQL Server\140\Tools\Binn\ManagementStudio\;C:\Program Files\dotnet\;C:\Program Files (x86)\IncrediBuild;C:\Program Files\Java\jdk-13\bin;C:\Program Files (x86)\Microsoft SQL Server\150\DTS\Binn\;C:\ProgramData\chocolatey\bin;C:\Program Files\Microsoft SQL Server\Client SDK\ODBC\170\Tools\Binn\;C:\Program Files\Java\jdk1.8.0_231\bin;C:\Program Files\nodejs\;C:\Users\Admin\AppData\Local\Microsoft\WindowsApps;C:\Microsoft VS Code\bin;C:\Users\Admin\AppData\Local\GitHubDesktop\bin;C:\Users\Admin\AppData\Local\Android\Sdk\platform-tools;C:\Users\Admin\AppData\Roaming\npm
USERNAME=Admin
OS=Windows_NT
PROCESSOR_IDENTIFIER=Intel64 Family 6 Model 158 Stepping 9, GenuineIntel



---------------  S Y S T E M  ---------------

OS: Windows 10.0 , 64 bit Build 17763 (10.0.17763.475)

CPU:total 4 (initial active 4) (4 cores per cpu, 1 threads per core) family 6 model 158 stepping 9, cmov, cx8, fxsr, mmx, sse, sse2, sse3, ssse3, sse4.1, sse4.2, popcnt, avx, avx2, aes, clmul, erms, 3dnowpref, lzcnt, tsc, tscinvbit, bmi1, bmi2, adx

Memory: 4k page, physical 8269412k(353288k free), swap 12463716k(2468k free)

vm_info: OpenJDK 64-Bit Server VM (25.202-b03) for windows-amd64 JRE (1.8.0_202-release-1483-b03), built by "builder" with MS VC++ 10.0 (VS2010)

time: Sun Jan 05 13:01:07 2020
timezone: SE Asia Standard Time
elapsed time: 1240 seconds (0d 0h 20m 40s)

